Determining if the pthread_create exist failed with the following output:
Change Dir: /projects/mh_ws/build/CMakeFiles/CMakeTmp

Run Build Command:"/usr/bin/make" "cmTC_46a2b/fast"
/usr/bin/make -f CMakeFiles/cmTC_46a2b.dir/build.make CMakeFiles/cmTC_46a2b.dir/build
make[1]: Entering directory '/projects/mh_ws/build/CMakeFiles/CMakeTmp'
Building C object CMakeFiles/cmTC_46a2b.dir/CheckSymbolExists.c.o
/usr/bin/cc    -o CMakeFiles/cmTC_46a2b.dir/CheckSymbolExists.c.o   -c /projects/mh_ws/build/CMakeFiles/CMakeTmp/CheckSymbolExists.c
Linking C executable cmTC_46a2b
/usr/bin/cmake -E cmake_link_script CMakeFiles/cmTC_46a2b.dir/link.txt --verbose=1
/usr/bin/cc      -rdynamic CMakeFiles/cmTC_46a2b.dir/CheckSymbolExists.c.o  -o cmTC_46a2b 
CMakeFiles/cmTC_46a2b.dir/CheckSymbolExists.c.o: In function `main':
CheckSymbolExists.c:(.text+0x1b): undefined reference to `pthread_create'
collect2: error: ld returned 1 exit status
CMakeFiles/cmTC_46a2b.dir/build.make:97: recipe for target 'cmTC_46a2b' failed
make[1]: *** [cmTC_46a2b] Error 1
make[1]: Leaving directory '/projects/mh_ws/build/CMakeFiles/CMakeTmp'
Makefile:126: recipe for target 'cmTC_46a2b/fast' failed
make: *** [cmTC_46a2b/fast] Error 2

File /projects/mh_ws/build/CMakeFiles/CMakeTmp/CheckSymbolExists.c:
/* */
#include <pthread.h>

int main(int argc, char** argv)
{
  (void)argv;
#ifndef pthread_create
  return ((int*)(&pthread_create))[argc];
#else
  (void)argc;
  return 0;
#endif
}

Determining if the function pthread_create exists in the pthreads failed with the following output:
Change Dir: /projects/mh_ws/build/CMakeFiles/CMakeTmp

Run Build Command:"/usr/bin/make" "cmTC_af893/fast"
/usr/bin/make -f CMakeFiles/cmTC_af893.dir/build.make CMakeFiles/cmTC_af893.dir/build
make[1]: Entering directory '/projects/mh_ws/build/CMakeFiles/CMakeTmp'
Building C object CMakeFiles/cmTC_af893.dir/CheckFunctionExists.c.o
/usr/bin/cc   -DCHECK_FUNCTION_EXISTS=pthread_create   -o CMakeFiles/cmTC_af893.dir/CheckFunctionExists.c.o   -c /usr/share/cmake-3.10/Modules/CheckFunctionExists.c
Linking C executable cmTC_af893
/usr/bin/cmake -E cmake_link_script CMakeFiles/cmTC_af893.dir/link.txt --verbose=1
/usr/bin/cc  -DCHECK_FUNCTION_EXISTS=pthread_create    -rdynamic CMakeFiles/cmTC_af893.dir/CheckFunctionExists.c.o  -o cmTC_af893 -lpthreads 
/usr/bin/ld: cannot find -lpthreads
collect2: error: ld returned 1 exit status
CMakeFiles/cmTC_af893.dir/build.make:97: recipe for target 'cmTC_af893' failed
make[1]: *** [cmTC_af893] Error 1
make[1]: Leaving directory '/projects/mh_ws/build/CMakeFiles/CMakeTmp'
Makefile:126: recipe for target 'cmTC_af893/fast' failed
make: *** [cmTC_af893/fast] Error 2


