Determining if the pthread_create exist failed with the following output:
Change Dir: /projects/catkin_ws/build/CMakeFiles/CMakeTmp

Run Build Command:"/usr/bin/make" "cmTC_ec08f/fast"
/usr/bin/make -f CMakeFiles/cmTC_ec08f.dir/build.make CMakeFiles/cmTC_ec08f.dir/build
make[1]: Entering directory '/projects/catkin_ws/build/CMakeFiles/CMakeTmp'
Building C object CMakeFiles/cmTC_ec08f.dir/CheckSymbolExists.c.o
/usr/bin/cc    -o CMakeFiles/cmTC_ec08f.dir/CheckSymbolExists.c.o   -c /projects/catkin_ws/build/CMakeFiles/CMakeTmp/CheckSymbolExists.c
Linking C executable cmTC_ec08f
/usr/bin/cmake -E cmake_link_script CMakeFiles/cmTC_ec08f.dir/link.txt --verbose=1
/usr/bin/cc      -rdynamic CMakeFiles/cmTC_ec08f.dir/CheckSymbolExists.c.o  -o cmTC_ec08f 
CMakeFiles/cmTC_ec08f.dir/CheckSymbolExists.c.o: In function `main':
CheckSymbolExists.c:(.text+0x1b): undefined reference to `pthread_create'
collect2: error: ld returned 1 exit status
CMakeFiles/cmTC_ec08f.dir/build.make:97: recipe for target 'cmTC_ec08f' failed
make[1]: *** [cmTC_ec08f] Error 1
make[1]: Leaving directory '/projects/catkin_ws/build/CMakeFiles/CMakeTmp'
Makefile:126: recipe for target 'cmTC_ec08f/fast' failed
make: *** [cmTC_ec08f/fast] Error 2

File /projects/catkin_ws/build/CMakeFiles/CMakeTmp/CheckSymbolExists.c:
/* */
#include <pthread.h>

int main(int argc, char** argv)
{
  (void)argv;
#ifndef pthread_create
  return ((int*)(&pthread_create))[argc];
#else
  (void)argc;
  return 0;
#endif
}

Determining if the function pthread_create exists in the pthreads failed with the following output:
Change Dir: /projects/catkin_ws/build/CMakeFiles/CMakeTmp

Run Build Command:"/usr/bin/make" "cmTC_93392/fast"
/usr/bin/make -f CMakeFiles/cmTC_93392.dir/build.make CMakeFiles/cmTC_93392.dir/build
make[1]: Entering directory '/projects/catkin_ws/build/CMakeFiles/CMakeTmp'
Building C object CMakeFiles/cmTC_93392.dir/CheckFunctionExists.c.o
/usr/bin/cc   -DCHECK_FUNCTION_EXISTS=pthread_create   -o CMakeFiles/cmTC_93392.dir/CheckFunctionExists.c.o   -c /usr/share/cmake-3.10/Modules/CheckFunctionExists.c
Linking C executable cmTC_93392
/usr/bin/cmake -E cmake_link_script CMakeFiles/cmTC_93392.dir/link.txt --verbose=1
/usr/bin/cc  -DCHECK_FUNCTION_EXISTS=pthread_create    -rdynamic CMakeFiles/cmTC_93392.dir/CheckFunctionExists.c.o  -o cmTC_93392 -lpthreads 
/usr/bin/ld: cannot find -lpthreads
collect2: error: ld returned 1 exit status
CMakeFiles/cmTC_93392.dir/build.make:97: recipe for target 'cmTC_93392' failed
make[1]: *** [cmTC_93392] Error 1
make[1]: Leaving directory '/projects/catkin_ws/build/CMakeFiles/CMakeTmp'
Makefile:126: recipe for target 'cmTC_93392/fast' failed
make: *** [cmTC_93392/fast] Error 2


